\BOOKMARK [0][-]{chapter*.2}{Nomenclature}{}% 1
\BOOKMARK [0][-]{chapter.1}{Model Description}{}% 2
\BOOKMARK [1][-]{section.1.1}{Morphology}{chapter.1}% 3
\BOOKMARK [1][-]{section.1.2}{Mathematical models}{chapter.1}% 4
\BOOKMARK [2][-]{subsection.1.2.1}{Ventilation}{section.1.2}% 5
\BOOKMARK [2][-]{subsection.1.2.2}{Gas transport}{section.1.2}% 6
\BOOKMARK [1][-]{section.1.3}{Model modifications}{chapter.1}% 7
\BOOKMARK [1][-]{section.1.4}{Numerical implementation}{chapter.1}% 8
\BOOKMARK [2][-]{subsection.1.4.1}{Ventilaton lumped parameter model}{section.1.4}% 9
\BOOKMARK [2][-]{subsection.1.4.2}{Gas transport equation}{section.1.4}% 10
\BOOKMARK [1][-]{section.1.5}{Code structure}{chapter.1}% 11
\BOOKMARK [0][-]{chapter.2}{Application}{}% 12
\BOOKMARK [1][-]{section.2.1}{Environment}{chapter.2}% 13
\BOOKMARK [1][-]{section.2.2}{Pre-processing}{chapter.2}% 14
\BOOKMARK [2][-]{subsection.2.2.1}{Code compilation}{section.2.2}% 15
\BOOKMARK [2][-]{subsection.2.2.2}{System and control parameter settings}{section.2.2}% 16
\BOOKMARK [1][-]{section.2.3}{Simulation run}{chapter.2}% 17
\BOOKMARK [1][-]{section.2.4}{Post-processing}{chapter.2}% 18
\BOOKMARK [0][-]{appendix*.39}{List of Figures}{}% 19
\BOOKMARK [0][-]{appendix*.40}{List of Tables}{}% 20
\BOOKMARK [0][-]{appendix*.41}{Bibliography}{}% 21
